# JRE version: Java(TM) SE Runtime Environment (8.0_121-b13) (build 1.8.0_121-b13)
# Java VM: Java HotSpot(TM) 64-Bit Server VM (25.121-b13 mixed mode windows-amd64 compressed oops)
Heap:
 PSYoungGen      total 364032K, used 9612K [0x00000000d6180000, 0x00000000f0380000, 0x0000000100000000)
  eden space 344064K, 2% used [0x00000000d6180000,0x00000000d6ae30f8,0x00000000eb180000)
  from space 19968K, 0% used [0x00000000eb180000,0x00000000eb180000,0x00000000ec500000)
  to   space 41984K, 0% used [0x00000000eda80000,0x00000000eda80000,0x00000000f0380000)
 ParOldGen       total 167424K, used 73698K [0x0000000082400000, 0x000000008c780000, 0x00000000d6180000)
  object space 167424K, 44% used [0x0000000082400000,0x0000000086bf8b20,0x000000008c780000)
 Metaspace       used 30695K, capacity 31634K, committed 35752K, reserved 1081344K
  class space    used 3458K, capacity 3824K, committed 4400K, reserved 1048576K
GC Heap History (10 events):
Event: 30.812 GC heap before
{Heap before GC invocations=16 (full 2):
 PSYoungGen      total 330752K, used 34302K [0x00000000d6180000, 0x00000000ed100000, 0x0000000100000000)
  eden space 293376K, 0% used [0x00000000d6180000,0x00000000d6180000,0x00000000e8000000)
  from space 37376K, 91% used [0x00000000ea980000,0x00000000ecaff9e0,0x00000000ece00000)
  to   space 41472K, 0% used [0x00000000e8000000,0x00000000e8000000,0x00000000ea880000)
 ParOldGen       total 109056K, used 45678K [0x0000000082400000, 0x0000000088e80000, 0x00000000d6180000)
  object space 109056K, 41% used [0x0000000082400000,0x000000008509bac8,0x0000000088e80000)
 Metaspace       used 33999K, capacity 35316K, committed 35496K, reserved 1081344K
  class space    used 3959K, capacity 4328K, committed 4400K, reserved 1048576K
Event: 31.211 GC heap after
Heap after GC invocations=16 (full 2):
 PSYoungGen      total 330752K, used 0K [0x00000000d6180000, 0x00000000ed100000, 0x0000000100000000)
  eden space 293376K, 0% used [0x00000000d6180000,0x00000000d6180000,0x00000000e8000000)
  from space 37376K, 0% used [0x00000000ea980000,0x00000000ea980000,0x00000000ece00000)
  to   space 41472K, 0% used [0x00000000e8000000,0x00000000e8000000,0x00000000ea880000)
 ParOldGen       total 167424K, used 73412K [0x0000000082400000, 0x000000008c780000, 0x00000000d6180000)
  object space 167424K, 43% used [0x0000000082400000,0x0000000086bb1330,0x000000008c780000)
 Metaspace       used 30535K, capacity 31600K, committed 35496K, reserved 1081344K
  class space    used 3500K, capacity 3835K, committed 4400K, reserved 1048576K
}
Event: 38.446 GC heap before
{Heap before GC invocations=17 (full 2):
 PSYoungGen      total 330752K, used 293376K [0x00000000d6180000, 0x00000000ed100000, 0x0000000100000000)
  eden space 293376K, 100% used [0x00000000d6180000,0x00000000e8000000,0x00000000e8000000)
  from space 37376K, 0% used [0x00000000ea980000,0x00000000ea980000,0x00000000ece00000)
  to   space 41472K, 0% used [0x00000000e8000000,0x00000000e8000000,0x00000000ea880000)
 ParOldGen       total 167424K, used 73412K [0x0000000082400000, 0x000000008c780000, 0x00000000d6180000)
  object space 167424K, 43% used [0x0000000082400000,0x0000000086bb1330,0x000000008c780000)
 Metaspace       used 31876K, capacity 33014K, committed 35496K, reserved 1081344K
  class space    used 3621K, capacity 4009K, committed 4400K, reserved 1048576K
Event: 38.469 GC heap after
Heap after GC invocations=17 (full 2):
 PSYoungGen      total 334848K, used 25467K [0x00000000d6180000, 0x00000000f0980000, 0x0000000100000000)
  eden space 293376K, 0% used [0x00000000d6180000,0x00000000d6180000,0x00000000e8000000)
  from space 41472K, 61% used [0x00000000e8000000,0x00000000e98dec88,0x00000000ea880000)
  to   space 41472K, 0% used [0x00000000ee100000,0x00000000ee100000,0x00000000f0980000)
 ParOldGen       total 167424K, used 73412K [0x0000000082400000, 0x000000008c780000, 0x00000000d6180000)
  object space 167424K, 43% used [0x0000000082400000,0x0000000086bb1330,0x000000008c780000)
 Metaspace       used 31876K, capacity 33014K, committed 35496K, reserved 1081344K
  class space    used 3621K, capacity 4009K, committed 4400K, reserved 1048576K
}
Event: 45.935 GC heap before
{Heap before GC invocations=18 (full 2):
 PSYoungGen      total 334848K, used 318843K [0x00000000d6180000, 0x00000000f0980000, 0x0000000100000000)
  eden space 293376K, 100% used [0x00000000d6180000,0x00000000e8000000,0x00000000e8000000)
  from space 41472K, 61% used [0x00000000e8000000,0x00000000e98dec88,0x00000000ea880000)
  to   space 41472K, 0% used [0x00000000ee100000,0x00000000ee100000,0x00000000f0980000)
 ParOldGen       total 167424K, used 73412K [0x0000000082400000, 0x000000008c780000, 0x00000000d6180000)
  object space 167424K, 43% used [0x0000000082400000,0x0000000086bb1330,0x000000008c780000)
 Metaspace       used 34337K, capacity 35492K, committed 35752K, reserved 1081344K
  class space    used 3936K, capacity 4346K, committed 4400K, reserved 1048576K
Event: 45.972 GC heap after
Heap after GC invocations=18 (full 2):
 PSYoungGen      total 382464K, used 31576K [0x00000000d6180000, 0x00000000f0680000, 0x0000000100000000)
  eden space 344064K, 0% used [0x00000000d6180000,0x00000000d6180000,0x00000000eb180000)
  from space 38400K, 82% used [0x00000000ee100000,0x00000000effd6310,0x00000000f0680000)
  to   space 43520K, 0% used [0x00000000eb180000,0x00000000eb180000,0x00000000edc00000)
 ParOldGen       total 167424K, used 73420K [0x0000000082400000, 0x000000008c780000, 0x00000000d6180000)
  object space 167424K, 43% used [0x0000000082400000,0x0000000086bb3330,0x000000008c780000)
 Metaspace       used 34337K, capacity 35492K, committed 35752K, reserved 1081344K
  class space    used 3936K, capacity 4346K, committed 4400K, reserved 1048576K
}
Event: 48.486 GC heap before
{Heap before GC invocations=19 (full 2):
 PSYoungGen      total 382464K, used 86730K [0x00000000d6180000, 0x00000000f0680000, 0x0000000100000000)
  eden space 344064K, 16% used [0x00000000d6180000,0x00000000d975c758,0x00000000eb180000)
  from space 38400K, 82% used [0x00000000ee100000,0x00000000effd6310,0x00000000f0680000)
  to   space 43520K, 0% used [0x00000000eb180000,0x00000000eb180000,0x00000000edc00000)
 ParOldGen       total 167424K, used 73420K [0x0000000082400000, 0x000000008c780000, 0x00000000d6180000)
  object space 167424K, 43% used [0x0000000082400000,0x0000000086bb3330,0x000000008c780000)
 Metaspace       used 34388K, capacity 35562K, committed 35752K, reserved 1081344K
  class space    used 3937K, capacity 4347K, committed 4400K, reserved 1048576K
Event: 48.500 GC heap after
Heap after GC invocations=19 (full 2):
 PSYoungGen      total 364032K, used 19495K [0x00000000d6180000, 0x00000000f0380000, 0x0000000100000000)
  eden space 344064K, 0% used [0x00000000d6180000,0x00000000d6180000,0x00000000eb180000)
  from space 19968K, 97% used [0x00000000eb180000,0x00000000ec489d48,0x00000000ec500000)
  to   space 41984K, 0% used [0x00000000eda80000,0x00000000eda80000,0x00000000f0380000)
 ParOldGen       total 167424K, used 73428K [0x0000000082400000, 0x000000008c780000, 0x00000000d6180000)
  object space 167424K, 43% used [0x0000000082400000,0x0000000086bb5330,0x000000008c780000)
 Metaspace       used 34388K, capacity 35562K, committed 35752K, reserved 1081344K
  class space    used 3937K, capacity 4347K, committed 4400K, reserved 1048576K
}
Event: 48.500 GC heap before
{Heap before GC invocations=20 (full 3):
 PSYoungGen      total 364032K, used 19495K [0x00000000d6180000, 0x00000000f0380000, 0x0000000100000000)
  eden space 344064K, 0% used [0x00000000d6180000,0x00000000d6180000,0x00000000eb180000)
  from space 19968K, 97% used [0x00000000eb180000,0x00000000ec489d48,0x00000000ec500000)
  to   space 41984K, 0% used [0x00000000eda80000,0x00000000eda80000,0x00000000f0380000)
 ParOldGen       total 167424K, used 73428K [0x0000000082400000, 0x000000008c780000, 0x00000000d6180000)
  object space 167424K, 43% used [0x0000000082400000,0x0000000086bb5330,0x000000008c780000)
 Metaspace       used 34388K, capacity 35562K, committed 35752K, reserved 1081344K
  class space    used 3937K, capacity 4347K, committed 4400K, reserved 1048576K
Event: 48.778 GC heap after
Heap after GC invocations=20 (full 3):
 PSYoungGen      total 364032K, used 0K [0x00000000d6180000, 0x00000000f0380000, 0x0000000100000000)
  eden space 344064K, 0% used [0x00000000d6180000,0x00000000d6180000,0x00000000eb180000)
  from space 19968K, 0% used [0x00000000eb180000,0x00000000eb180000,0x00000000ec500000)
  to   space 41984K, 0% used [0x00000000eda80000,0x00000000eda80000,0x00000000f0380000)
 ParOldGen       total 167424K, used 73698K [0x0000000082400000, 0x000000008c780000, 0x00000000d6180000)
  object space 167424K, 44% used [0x0000000082400000,0x0000000086bf8b20,0x000000008c780000)
 Metaspace       used 30689K, capacity 31634K, committed 35752K, reserved 1081344K
  class space    used 3457K, capacity 3824K, committed 4400K, reserved 1048576K
}

